2019-08-19 00:05:23.152  INFO 2016 --- [restartedMain] c.sceon.community.CommunityApplication   : Starting CommunityApplication on shichenchong00 with PID 2016 (D:\community\target\classes started by shichenchong in D:\community)
2019-08-19 00:05:23.156  INFO 2016 --- [restartedMain] c.sceon.community.CommunityApplication   : No active profile set, falling back to default profiles: default
2019-08-19 00:05:23.243  INFO 2016 --- [restartedMain] .e.DevToolsPropertyDefaultsPostProcessor : Devtools property defaults active! Set 'spring.devtools.add-properties' to 'false' to disable
2019-08-19 00:05:23.243  INFO 2016 --- [restartedMain] .e.DevToolsPropertyDefaultsPostProcessor : For additional web related logging consider setting the 'logging.level.web' property to 'DEBUG'
2019-08-19 00:05:25.603  INFO 2016 --- [restartedMain] o.s.b.w.embedded.tomcat.TomcatWebServer  : Tomcat initialized with port(s): 8080 (http)
2019-08-19 00:05:25.633  INFO 2016 --- [restartedMain] o.apache.catalina.core.StandardService   : Starting service [Tomcat]
2019-08-19 00:05:25.633  INFO 2016 --- [restartedMain] org.apache.catalina.core.StandardEngine  : Starting Servlet engine: [Apache Tomcat/9.0.21]
2019-08-19 00:05:25.798  INFO 2016 --- [restartedMain] o.a.c.c.C.[Tomcat].[localhost].[/]       : Initializing Spring embedded WebApplicationContext
2019-08-19 00:05:25.798  INFO 2016 --- [restartedMain] o.s.web.context.ContextLoader            : Root WebApplicationContext: initialization completed in 2553 ms
2019-08-19 00:05:26.622  INFO 2016 --- [restartedMain] o.s.s.concurrent.ThreadPoolTaskExecutor  : Initializing ExecutorService 'applicationTaskExecutor'
2019-08-19 00:05:26.809  INFO 2016 --- [restartedMain] o.s.b.a.w.s.WelcomePageHandlerMapping    : Adding welcome page template: index
2019-08-19 00:05:27.044  INFO 2016 --- [restartedMain] o.s.b.d.a.OptionalLiveReloadServer       : LiveReload server is running on port 35729
2019-08-19 00:05:27.128  INFO 2016 --- [restartedMain] o.s.b.w.embedded.tomcat.TomcatWebServer  : Tomcat started on port(s): 8080 (http) with context path ''
2019-08-19 00:05:27.133  INFO 2016 --- [restartedMain] c.sceon.community.CommunityApplication   : Started CommunityApplication in 4.65 seconds (JVM running for 6.661)
2019-08-19 00:06:16.423  INFO 2016 --- [http-nio-8080-exec-1] o.a.c.c.C.[Tomcat].[localhost].[/]       : Initializing Spring DispatcherServlet 'dispatcherServlet'
2019-08-19 00:06:16.423  INFO 2016 --- [http-nio-8080-exec-1] o.s.web.servlet.DispatcherServlet        : Initializing Servlet 'dispatcherServlet'
2019-08-19 00:06:16.439  INFO 2016 --- [http-nio-8080-exec-1] o.s.web.servlet.DispatcherServlet        : Completed initialization in 15 ms
2019-08-19 00:06:16.507  INFO 2016 --- [http-nio-8080-exec-1] com.zaxxer.hikari.HikariDataSource       : HikariPool-1 - Starting...
2019-08-19 00:06:16.781  INFO 2016 --- [http-nio-8080-exec-1] com.zaxxer.hikari.HikariDataSource       : HikariPool-1 - Start completed.
2019-08-19 00:06:16.797 DEBUG 2016 --- [http-nio-8080-exec-1] c.s.c.mapper.UserMapper.findByToken      : ==>  Preparing: SELECT ID,ACCOUNT_ID,NAME,TOKEN,GMT_CREATE,GMT_MODIFIED FROM USER WHERE TOKEN=? 
2019-08-19 00:06:16.840 DEBUG 2016 --- [http-nio-8080-exec-1] c.s.c.mapper.UserMapper.findByToken      : ==> Parameters: a88a93d9-81d3-4093-ad1f-bdff77c31177(String)
2019-08-19 00:06:16.875 DEBUG 2016 --- [http-nio-8080-exec-1] c.s.c.mapper.UserMapper.findByToken      : <==      Total: 1
2019-08-19 00:06:16.881 DEBUG 2016 --- [http-nio-8080-exec-1] c.s.c.m.N.countByUnread                  : ==>  Preparing: SELECT COUNT(1) FROM notification WHERE receiver=? and status=? 
2019-08-19 00:06:16.882 DEBUG 2016 --- [http-nio-8080-exec-1] c.s.c.m.N.countByUnread                  : ==> Parameters: 51(Long), 0(Integer)
2019-08-19 00:06:16.888 DEBUG 2016 --- [http-nio-8080-exec-1] c.s.c.m.N.countByUnread                  : <==      Total: 1
2019-08-19 00:06:16.962 DEBUG 2016 --- [http-nio-8080-exec-1] c.s.c.m.QuestionMapper.countBySerach     : ==>  Preparing: SELECT count(*) FROM question 
2019-08-19 00:06:16.962 DEBUG 2016 --- [http-nio-8080-exec-1] c.s.c.m.QuestionMapper.countBySerach     : ==> Parameters: 
2019-08-19 00:06:16.967 DEBUG 2016 --- [http-nio-8080-exec-1] c.s.c.m.QuestionMapper.countBySerach     : <==      Total: 1
2019-08-19 00:06:16.970 DEBUG 2016 --- [http-nio-8080-exec-1] c.s.c.m.QuestionMapper.listBySearch      : ==>  Preparing: SELECT * FROM question ORDER BY gmt_create DESC LIMIT ?,? 
2019-08-19 00:06:16.970 DEBUG 2016 --- [http-nio-8080-exec-1] c.s.c.m.QuestionMapper.listBySearch      : ==> Parameters: 0(Integer), 5(Integer)
2019-08-19 00:06:16.976 DEBUG 2016 --- [http-nio-8080-exec-1] c.s.c.m.QuestionMapper.listBySearch      : <==      Total: 5
2019-08-19 00:06:16.976 DEBUG 2016 --- [http-nio-8080-exec-1] c.s.c.mapper.UserMapper.findById         : ==>  Preparing: SELECT * FROM user WHERE id = ? 
2019-08-19 00:06:16.976 DEBUG 2016 --- [http-nio-8080-exec-1] c.s.c.mapper.UserMapper.findById         : ==> Parameters: 51(Long)
2019-08-19 00:06:16.980 DEBUG 2016 --- [http-nio-8080-exec-1] c.s.c.mapper.UserMapper.findById         : <==      Total: 1
2019-08-19 00:06:16.991 DEBUG 2016 --- [http-nio-8080-exec-1] c.s.c.mapper.UserMapper.findById         : ==>  Preparing: SELECT * FROM user WHERE id = ? 
2019-08-19 00:06:16.991 DEBUG 2016 --- [http-nio-8080-exec-1] c.s.c.mapper.UserMapper.findById         : ==> Parameters: 51(Long)
2019-08-19 00:06:16.996 DEBUG 2016 --- [http-nio-8080-exec-1] c.s.c.mapper.UserMapper.findById         : <==      Total: 1
2019-08-19 00:06:16.997 DEBUG 2016 --- [http-nio-8080-exec-1] c.s.c.mapper.UserMapper.findById         : ==>  Preparing: SELECT * FROM user WHERE id = ? 
2019-08-19 00:06:16.998 DEBUG 2016 --- [http-nio-8080-exec-1] c.s.c.mapper.UserMapper.findById         : ==> Parameters: 51(Long)
2019-08-19 00:06:17.000 DEBUG 2016 --- [http-nio-8080-exec-1] c.s.c.mapper.UserMapper.findById         : <==      Total: 1
2019-08-19 00:06:17.001 DEBUG 2016 --- [http-nio-8080-exec-1] c.s.c.mapper.UserMapper.findById         : ==>  Preparing: SELECT * FROM user WHERE id = ? 
2019-08-19 00:06:17.002 DEBUG 2016 --- [http-nio-8080-exec-1] c.s.c.mapper.UserMapper.findById         : ==> Parameters: 51(Long)
2019-08-19 00:06:17.004 DEBUG 2016 --- [http-nio-8080-exec-1] c.s.c.mapper.UserMapper.findById         : <==      Total: 1
2019-08-19 00:06:17.004 DEBUG 2016 --- [http-nio-8080-exec-1] c.s.c.mapper.UserMapper.findById         : ==>  Preparing: SELECT * FROM user WHERE id = ? 
2019-08-19 00:06:17.005 DEBUG 2016 --- [http-nio-8080-exec-1] c.s.c.mapper.UserMapper.findById         : ==> Parameters: 50(Long)
2019-08-19 00:06:17.005 DEBUG 2016 --- [http-nio-8080-exec-1] c.s.c.mapper.UserMapper.findById         : <==      Total: 1
2019-08-19 00:06:17.696 DEBUG 2016 --- [http-nio-8080-exec-3] c.s.c.mapper.UserMapper.findByToken      : ==>  Preparing: SELECT ID,ACCOUNT_ID,NAME,TOKEN,GMT_CREATE,GMT_MODIFIED FROM USER WHERE TOKEN=? 
2019-08-19 00:06:17.697 DEBUG 2016 --- [http-nio-8080-exec-3] c.s.c.mapper.UserMapper.findByToken      : ==> Parameters: a88a93d9-81d3-4093-ad1f-bdff77c31177(String)
2019-08-19 00:06:17.701 DEBUG 2016 --- [http-nio-8080-exec-2] c.s.c.mapper.UserMapper.findByToken      : ==>  Preparing: SELECT ID,ACCOUNT_ID,NAME,TOKEN,GMT_CREATE,GMT_MODIFIED FROM USER WHERE TOKEN=? 
2019-08-19 00:06:17.703 DEBUG 2016 --- [http-nio-8080-exec-2] c.s.c.mapper.UserMapper.findByToken      : ==> Parameters: a88a93d9-81d3-4093-ad1f-bdff77c31177(String)
2019-08-19 00:06:17.702 DEBUG 2016 --- [http-nio-8080-exec-3] c.s.c.mapper.UserMapper.findByToken      : <==      Total: 1
2019-08-19 00:06:17.706 DEBUG 2016 --- [http-nio-8080-exec-3] c.s.c.m.N.countByUnread                  : ==>  Preparing: SELECT COUNT(1) FROM notification WHERE receiver=? and status=? 
2019-08-19 00:06:17.707 DEBUG 2016 --- [http-nio-8080-exec-3] c.s.c.m.N.countByUnread                  : ==> Parameters: 51(Long), 0(Integer)
2019-08-19 00:06:17.707 DEBUG 2016 --- [http-nio-8080-exec-2] c.s.c.mapper.UserMapper.findByToken      : <==      Total: 1
2019-08-19 00:06:17.709 DEBUG 2016 --- [http-nio-8080-exec-5] c.s.c.mapper.UserMapper.findByToken      : ==>  Preparing: SELECT ID,ACCOUNT_ID,NAME,TOKEN,GMT_CREATE,GMT_MODIFIED FROM USER WHERE TOKEN=? 
2019-08-19 00:06:17.710 DEBUG 2016 --- [http-nio-8080-exec-5] c.s.c.mapper.UserMapper.findByToken      : ==> Parameters: a88a93d9-81d3-4093-ad1f-bdff77c31177(String)
2019-08-19 00:06:17.713 DEBUG 2016 --- [http-nio-8080-exec-3] c.s.c.m.N.countByUnread                  : <==      Total: 1
2019-08-19 00:06:17.714 DEBUG 2016 --- [http-nio-8080-exec-2] c.s.c.m.N.countByUnread                  : ==>  Preparing: SELECT COUNT(1) FROM notification WHERE receiver=? and status=? 
2019-08-19 00:06:17.715 DEBUG 2016 --- [http-nio-8080-exec-2] c.s.c.m.N.countByUnread                  : ==> Parameters: 51(Long), 0(Integer)
2019-08-19 00:06:17.716 DEBUG 2016 --- [http-nio-8080-exec-4] c.s.c.mapper.UserMapper.findByToken      : ==>  Preparing: SELECT ID,ACCOUNT_ID,NAME,TOKEN,GMT_CREATE,GMT_MODIFIED FROM USER WHERE TOKEN=? 
2019-08-19 00:06:17.716 DEBUG 2016 --- [http-nio-8080-exec-6] c.s.c.mapper.UserMapper.findByToken      : ==>  Preparing: SELECT ID,ACCOUNT_ID,NAME,TOKEN,GMT_CREATE,GMT_MODIFIED FROM USER WHERE TOKEN=? 
2019-08-19 00:06:17.717 DEBUG 2016 --- [http-nio-8080-exec-2] c.s.c.m.N.countByUnread                  : <==      Total: 1
2019-08-19 00:06:17.718 DEBUG 2016 --- [http-nio-8080-exec-5] c.s.c.mapper.UserMapper.findByToken      : <==      Total: 1
2019-08-19 00:06:17.716 DEBUG 2016 --- [http-nio-8080-exec-9] c.s.c.mapper.UserMapper.findByToken      : ==>  Preparing: SELECT ID,ACCOUNT_ID,NAME,TOKEN,GMT_CREATE,GMT_MODIFIED FROM USER WHERE TOKEN=? 
2019-08-19 00:06:17.720 DEBUG 2016 --- [http-nio-8080-exec-6] c.s.c.mapper.UserMapper.findByToken      : ==> Parameters: a88a93d9-81d3-4093-ad1f-bdff77c31177(String)
2019-08-19 00:06:17.721 DEBUG 2016 --- [http-nio-8080-exec-9] c.s.c.mapper.UserMapper.findByToken      : ==> Parameters: a88a93d9-81d3-4093-ad1f-bdff77c31177(String)
2019-08-19 00:06:17.722 DEBUG 2016 --- [http-nio-8080-exec-5] c.s.c.m.N.countByUnread                  : ==>  Preparing: SELECT COUNT(1) FROM notification WHERE receiver=? and status=? 
2019-08-19 00:06:17.723 DEBUG 2016 --- [http-nio-8080-exec-6] c.s.c.mapper.UserMapper.findByToken      : <==      Total: 1
2019-08-19 00:06:17.717 DEBUG 2016 --- [http-nio-8080-exec-4] c.s.c.mapper.UserMapper.findByToken      : ==> Parameters: a88a93d9-81d3-4093-ad1f-bdff77c31177(String)
2019-08-19 00:06:17.723 DEBUG 2016 --- [http-nio-8080-exec-5] c.s.c.m.N.countByUnread                  : ==> Parameters: 51(Long), 0(Integer)
2019-08-19 00:06:17.724 DEBUG 2016 --- [http-nio-8080-exec-6] c.s.c.m.N.countByUnread                  : ==>  Preparing: SELECT COUNT(1) FROM notification WHERE receiver=? and status=? 
2019-08-19 00:06:17.725 DEBUG 2016 --- [http-nio-8080-exec-6] c.s.c.m.N.countByUnread                  : ==> Parameters: 51(Long), 0(Integer)
2019-08-19 00:06:17.726 DEBUG 2016 --- [http-nio-8080-exec-4] c.s.c.mapper.UserMapper.findByToken      : <==      Total: 1
2019-08-19 00:06:17.726 DEBUG 2016 --- [http-nio-8080-exec-9] c.s.c.mapper.UserMapper.findByToken      : <==      Total: 1
2019-08-19 00:06:17.727 DEBUG 2016 --- [http-nio-8080-exec-6] c.s.c.m.N.countByUnread                  : <==      Total: 1
2019-08-19 00:06:17.729 DEBUG 2016 --- [http-nio-8080-exec-4] c.s.c.m.N.countByUnread                  : ==>  Preparing: SELECT COUNT(1) FROM notification WHERE receiver=? and status=? 
2019-08-19 00:06:17.729 DEBUG 2016 --- [http-nio-8080-exec-9] c.s.c.m.N.countByUnread                  : ==>  Preparing: SELECT COUNT(1) FROM notification WHERE receiver=? and status=? 
2019-08-19 00:06:17.729 DEBUG 2016 --- [http-nio-8080-exec-4] c.s.c.m.N.countByUnread                  : ==> Parameters: 51(Long), 0(Integer)
2019-08-19 00:06:17.729 DEBUG 2016 --- [http-nio-8080-exec-9] c.s.c.m.N.countByUnread                  : ==> Parameters: 51(Long), 0(Integer)
2019-08-19 00:06:17.731 DEBUG 2016 --- [http-nio-8080-exec-5] c.s.c.m.N.countByUnread                  : <==      Total: 1
2019-08-19 00:06:17.732 DEBUG 2016 --- [http-nio-8080-exec-4] c.s.c.m.N.countByUnread                  : <==      Total: 1
2019-08-19 00:06:17.732 DEBUG 2016 --- [http-nio-8080-exec-9] c.s.c.m.N.countByUnread                  : <==      Total: 1
2019-08-19 00:06:17.811 DEBUG 2016 --- [http-nio-8080-exec-8] c.s.c.mapper.UserMapper.findByToken      : ==>  Preparing: SELECT ID,ACCOUNT_ID,NAME,TOKEN,GMT_CREATE,GMT_MODIFIED FROM USER WHERE TOKEN=? 
2019-08-19 00:06:17.812 DEBUG 2016 --- [http-nio-8080-exec-8] c.s.c.mapper.UserMapper.findByToken      : ==> Parameters: a88a93d9-81d3-4093-ad1f-bdff77c31177(String)
2019-08-19 00:06:17.814 DEBUG 2016 --- [http-nio-8080-exec-8] c.s.c.mapper.UserMapper.findByToken      : <==      Total: 1
2019-08-19 00:06:17.815 DEBUG 2016 --- [http-nio-8080-exec-8] c.s.c.m.N.countByUnread                  : ==>  Preparing: SELECT COUNT(1) FROM notification WHERE receiver=? and status=? 
2019-08-19 00:06:17.815 DEBUG 2016 --- [http-nio-8080-exec-8] c.s.c.m.N.countByUnread                  : ==> Parameters: 51(Long), 0(Integer)
2019-08-19 00:06:17.817 DEBUG 2016 --- [http-nio-8080-exec-8] c.s.c.m.N.countByUnread                  : <==      Total: 1
2019-08-19 00:06:17.872 DEBUG 2016 --- [http-nio-8080-exec-7] c.s.c.mapper.UserMapper.findByToken      : ==>  Preparing: SELECT ID,ACCOUNT_ID,NAME,TOKEN,GMT_CREATE,GMT_MODIFIED FROM USER WHERE TOKEN=? 
2019-08-19 00:06:17.873 DEBUG 2016 --- [http-nio-8080-exec-7] c.s.c.mapper.UserMapper.findByToken      : ==> Parameters: a88a93d9-81d3-4093-ad1f-bdff77c31177(String)
2019-08-19 00:06:17.875 DEBUG 2016 --- [http-nio-8080-exec-7] c.s.c.mapper.UserMapper.findByToken      : <==      Total: 1
2019-08-19 00:06:17.877 DEBUG 2016 --- [http-nio-8080-exec-7] c.s.c.m.N.countByUnread                  : ==>  Preparing: SELECT COUNT(1) FROM notification WHERE receiver=? and status=? 
2019-08-19 00:06:17.878 DEBUG 2016 --- [http-nio-8080-exec-7] c.s.c.m.N.countByUnread                  : ==> Parameters: 51(Long), 0(Integer)
2019-08-19 00:06:17.879 DEBUG 2016 --- [http-nio-8080-exec-7] c.s.c.m.N.countByUnread                  : <==      Total: 1
2019-08-19 00:07:11.262 DEBUG 2016 --- [http-nio-8080-exec-1] c.s.c.mapper.UserMapper.findByToken      : ==>  Preparing: SELECT ID,ACCOUNT_ID,NAME,TOKEN,GMT_CREATE,GMT_MODIFIED FROM USER WHERE TOKEN=? 
2019-08-19 00:07:11.262 DEBUG 2016 --- [http-nio-8080-exec-1] c.s.c.mapper.UserMapper.findByToken      : ==> Parameters: a88a93d9-81d3-4093-ad1f-bdff77c31177(String)
2019-08-19 00:07:11.266 DEBUG 2016 --- [http-nio-8080-exec-1] c.s.c.mapper.UserMapper.findByToken      : <==      Total: 1
2019-08-19 00:07:11.273 DEBUG 2016 --- [http-nio-8080-exec-1] c.s.c.m.N.countByUnread                  : ==>  Preparing: SELECT COUNT(1) FROM notification WHERE receiver=? and status=? 
2019-08-19 00:07:11.273 DEBUG 2016 --- [http-nio-8080-exec-1] c.s.c.m.N.countByUnread                  : ==> Parameters: 51(Long), 0(Integer)
2019-08-19 00:07:11.277 DEBUG 2016 --- [http-nio-8080-exec-1] c.s.c.m.N.countByUnread                  : <==      Total: 1
2019-08-19 00:07:11.279 DEBUG 2016 --- [http-nio-8080-exec-1] c.s.c.m.QuestionMapper.countBySerach     : ==>  Preparing: SELECT count(*) FROM question 
2019-08-19 00:07:11.279 DEBUG 2016 --- [http-nio-8080-exec-1] c.s.c.m.QuestionMapper.countBySerach     : ==> Parameters: 
2019-08-19 00:07:11.280 DEBUG 2016 --- [http-nio-8080-exec-1] c.s.c.m.QuestionMapper.countBySerach     : <==      Total: 1
2019-08-19 00:07:11.281 DEBUG 2016 --- [http-nio-8080-exec-1] c.s.c.m.QuestionMapper.listBySearch      : ==>  Preparing: SELECT * FROM question ORDER BY gmt_create DESC LIMIT ?,? 
2019-08-19 00:07:11.282 DEBUG 2016 --- [http-nio-8080-exec-1] c.s.c.m.QuestionMapper.listBySearch      : ==> Parameters: 0(Integer), 5(Integer)
2019-08-19 00:07:11.287 DEBUG 2016 --- [http-nio-8080-exec-1] c.s.c.m.QuestionMapper.listBySearch      : <==      Total: 5
2019-08-19 00:07:11.287 DEBUG 2016 --- [http-nio-8080-exec-1] c.s.c.mapper.UserMapper.findById         : ==>  Preparing: SELECT * FROM user WHERE id = ? 
2019-08-19 00:07:11.289 DEBUG 2016 --- [http-nio-8080-exec-1] c.s.c.mapper.UserMapper.findById         : ==> Parameters: 51(Long)
2019-08-19 00:07:11.295 DEBUG 2016 --- [http-nio-8080-exec-1] c.s.c.mapper.UserMapper.findById         : <==      Total: 1
2019-08-19 00:07:11.296 DEBUG 2016 --- [http-nio-8080-exec-1] c.s.c.mapper.UserMapper.findById         : ==>  Preparing: SELECT * FROM user WHERE id = ? 
2019-08-19 00:07:11.296 DEBUG 2016 --- [http-nio-8080-exec-1] c.s.c.mapper.UserMapper.findById         : ==> Parameters: 51(Long)
2019-08-19 00:07:11.298 DEBUG 2016 --- [http-nio-8080-exec-1] c.s.c.mapper.UserMapper.findById         : <==      Total: 1
2019-08-19 00:07:11.300 DEBUG 2016 --- [http-nio-8080-exec-1] c.s.c.mapper.UserMapper.findById         : ==>  Preparing: SELECT * FROM user WHERE id = ? 
2019-08-19 00:07:11.302 DEBUG 2016 --- [http-nio-8080-exec-1] c.s.c.mapper.UserMapper.findById         : ==> Parameters: 51(Long)
2019-08-19 00:07:11.303 DEBUG 2016 --- [http-nio-8080-exec-1] c.s.c.mapper.UserMapper.findById         : <==      Total: 1
2019-08-19 00:07:11.305 DEBUG 2016 --- [http-nio-8080-exec-1] c.s.c.mapper.UserMapper.findById         : ==>  Preparing: SELECT * FROM user WHERE id = ? 
2019-08-19 00:07:11.306 DEBUG 2016 --- [http-nio-8080-exec-1] c.s.c.mapper.UserMapper.findById         : ==> Parameters: 51(Long)
2019-08-19 00:07:11.308 DEBUG 2016 --- [http-nio-8080-exec-1] c.s.c.mapper.UserMapper.findById         : <==      Total: 1
2019-08-19 00:07:11.310 DEBUG 2016 --- [http-nio-8080-exec-1] c.s.c.mapper.UserMapper.findById         : ==>  Preparing: SELECT * FROM user WHERE id = ? 
2019-08-19 00:07:11.311 DEBUG 2016 --- [http-nio-8080-exec-1] c.s.c.mapper.UserMapper.findById         : ==> Parameters: 50(Long)
2019-08-19 00:07:11.313 DEBUG 2016 --- [http-nio-8080-exec-1] c.s.c.mapper.UserMapper.findById         : <==      Total: 1
2019-08-19 00:07:11.383 DEBUG 2016 --- [http-nio-8080-exec-4] c.s.c.mapper.UserMapper.findByToken      : ==>  Preparing: SELECT ID,ACCOUNT_ID,NAME,TOKEN,GMT_CREATE,GMT_MODIFIED FROM USER WHERE TOKEN=? 
2019-08-19 00:07:11.383 DEBUG 2016 --- [http-nio-8080-exec-4] c.s.c.mapper.UserMapper.findByToken      : ==> Parameters: a88a93d9-81d3-4093-ad1f-bdff77c31177(String)
2019-08-19 00:07:11.390 DEBUG 2016 --- [http-nio-8080-exec-4] c.s.c.mapper.UserMapper.findByToken      : <==      Total: 1
2019-08-19 00:07:11.390 DEBUG 2016 --- [http-nio-8080-exec-4] c.s.c.m.N.countByUnread                  : ==>  Preparing: SELECT COUNT(1) FROM notification WHERE receiver=? and status=? 
2019-08-19 00:07:11.390 DEBUG 2016 --- [http-nio-8080-exec-4] c.s.c.m.N.countByUnread                  : ==> Parameters: 51(Long), 0(Integer)
2019-08-19 00:07:11.394 DEBUG 2016 --- [http-nio-8080-exec-6] c.s.c.mapper.UserMapper.findByToken      : ==>  Preparing: SELECT ID,ACCOUNT_ID,NAME,TOKEN,GMT_CREATE,GMT_MODIFIED FROM USER WHERE TOKEN=? 
2019-08-19 00:07:11.394 DEBUG 2016 --- [http-nio-8080-exec-2] c.s.c.mapper.UserMapper.findByToken      : ==>  Preparing: SELECT ID,ACCOUNT_ID,NAME,TOKEN,GMT_CREATE,GMT_MODIFIED FROM USER WHERE TOKEN=? 
2019-08-19 00:07:11.394 DEBUG 2016 --- [http-nio-8080-exec-6] c.s.c.mapper.UserMapper.findByToken      : ==> Parameters: a88a93d9-81d3-4093-ad1f-bdff77c31177(String)
2019-08-19 00:07:11.394 DEBUG 2016 --- [http-nio-8080-exec-2] c.s.c.mapper.UserMapper.findByToken      : ==> Parameters: a88a93d9-81d3-4093-ad1f-bdff77c31177(String)
2019-08-19 00:07:11.398 DEBUG 2016 --- [http-nio-8080-exec-4] c.s.c.m.N.countByUnread                  : <==      Total: 1
2019-08-19 00:07:11.398 DEBUG 2016 --- [http-nio-8080-exec-5] c.s.c.mapper.UserMapper.findByToken      : ==>  Preparing: SELECT ID,ACCOUNT_ID,NAME,TOKEN,GMT_CREATE,GMT_MODIFIED FROM USER WHERE TOKEN=? 
2019-08-19 00:07:11.402 DEBUG 2016 --- [http-nio-8080-exec-5] c.s.c.mapper.UserMapper.findByToken      : ==> Parameters: a88a93d9-81d3-4093-ad1f-bdff77c31177(String)
2019-08-19 00:07:11.402 DEBUG 2016 --- [http-nio-8080-exec-9] c.s.c.mapper.UserMapper.findByToken      : ==>  Preparing: SELECT ID,ACCOUNT_ID,NAME,TOKEN,GMT_CREATE,GMT_MODIFIED FROM USER WHERE TOKEN=? 
2019-08-19 00:07:11.402 DEBUG 2016 --- [http-nio-8080-exec-6] c.s.c.mapper.UserMapper.findByToken      : <==      Total: 1
2019-08-19 00:07:11.404 DEBUG 2016 --- [http-nio-8080-exec-2] c.s.c.mapper.UserMapper.findByToken      : <==      Total: 1
2019-08-19 00:07:11.411 DEBUG 2016 --- [http-nio-8080-exec-9] c.s.c.mapper.UserMapper.findByToken      : ==> Parameters: a88a93d9-81d3-4093-ad1f-bdff77c31177(String)
2019-08-19 00:07:11.411 DEBUG 2016 --- [http-nio-8080-exec-6] c.s.c.m.N.countByUnread                  : ==>  Preparing: SELECT COUNT(1) FROM notification WHERE receiver=? and status=? 
2019-08-19 00:07:11.411 DEBUG 2016 --- [http-nio-8080-exec-2] c.s.c.m.N.countByUnread                  : ==>  Preparing: SELECT COUNT(1) FROM notification WHERE receiver=? and status=? 
2019-08-19 00:07:11.411 DEBUG 2016 --- [http-nio-8080-exec-6] c.s.c.m.N.countByUnread                  : ==> Parameters: 51(Long), 0(Integer)
2019-08-19 00:07:11.411 DEBUG 2016 --- [http-nio-8080-exec-2] c.s.c.m.N.countByUnread                  : ==> Parameters: 51(Long), 0(Integer)
2019-08-19 00:07:11.411 DEBUG 2016 --- [http-nio-8080-exec-9] c.s.c.mapper.UserMapper.findByToken      : <==      Total: 1
2019-08-19 00:07:11.411 DEBUG 2016 --- [http-nio-8080-exec-2] c.s.c.m.N.countByUnread                  : <==      Total: 1
2019-08-19 00:07:11.411 DEBUG 2016 --- [http-nio-8080-exec-6] c.s.c.m.N.countByUnread                  : <==      Total: 1
2019-08-19 00:07:11.411 DEBUG 2016 --- [http-nio-8080-exec-9] c.s.c.m.N.countByUnread                  : ==>  Preparing: SELECT COUNT(1) FROM notification WHERE receiver=? and status=? 
2019-08-19 00:07:11.411 DEBUG 2016 --- [http-nio-8080-exec-9] c.s.c.m.N.countByUnread                  : ==> Parameters: 51(Long), 0(Integer)
2019-08-19 00:07:11.411 DEBUG 2016 --- [http-nio-8080-exec-3] c.s.c.mapper.UserMapper.findByToken      : ==>  Preparing: SELECT ID,ACCOUNT_ID,NAME,TOKEN,GMT_CREATE,GMT_MODIFIED FROM USER WHERE TOKEN=? 
2019-08-19 00:07:11.415 DEBUG 2016 --- [http-nio-8080-exec-9] c.s.c.m.N.countByUnread                  : <==      Total: 1
2019-08-19 00:07:11.415 DEBUG 2016 --- [http-nio-8080-exec-3] c.s.c.mapper.UserMapper.findByToken      : ==> Parameters: a88a93d9-81d3-4093-ad1f-bdff77c31177(String)
2019-08-19 00:07:11.423 DEBUG 2016 --- [http-nio-8080-exec-3] c.s.c.mapper.UserMapper.findByToken      : <==      Total: 1
2019-08-19 00:07:11.424 DEBUG 2016 --- [http-nio-8080-exec-3] c.s.c.m.N.countByUnread                  : ==>  Preparing: SELECT COUNT(1) FROM notification WHERE receiver=? and status=? 
2019-08-19 00:07:11.424 DEBUG 2016 --- [http-nio-8080-exec-3] c.s.c.m.N.countByUnread                  : ==> Parameters: 51(Long), 0(Integer)
2019-08-19 00:07:11.424 DEBUG 2016 --- [http-nio-8080-exec-3] c.s.c.m.N.countByUnread                  : <==      Total: 1
2019-08-19 00:07:11.428 DEBUG 2016 --- [http-nio-8080-exec-5] c.s.c.mapper.UserMapper.findByToken      : <==      Total: 1
2019-08-19 00:07:11.430 DEBUG 2016 --- [http-nio-8080-exec-5] c.s.c.m.N.countByUnread                  : ==>  Preparing: SELECT COUNT(1) FROM notification WHERE receiver=? and status=? 
2019-08-19 00:07:11.431 DEBUG 2016 --- [http-nio-8080-exec-5] c.s.c.m.N.countByUnread                  : ==> Parameters: 51(Long), 0(Integer)
2019-08-19 00:07:11.432 DEBUG 2016 --- [http-nio-8080-exec-5] c.s.c.m.N.countByUnread                  : <==      Total: 1
2019-08-19 00:07:11.437 DEBUG 2016 --- [http-nio-8080-exec-8] c.s.c.mapper.UserMapper.findByToken      : ==>  Preparing: SELECT ID,ACCOUNT_ID,NAME,TOKEN,GMT_CREATE,GMT_MODIFIED FROM USER WHERE TOKEN=? 
2019-08-19 00:07:11.437 DEBUG 2016 --- [http-nio-8080-exec-8] c.s.c.mapper.UserMapper.findByToken      : ==> Parameters: a88a93d9-81d3-4093-ad1f-bdff77c31177(String)
2019-08-19 00:07:11.440 DEBUG 2016 --- [http-nio-8080-exec-8] c.s.c.mapper.UserMapper.findByToken      : <==      Total: 1
2019-08-19 00:07:11.440 DEBUG 2016 --- [http-nio-8080-exec-8] c.s.c.m.N.countByUnread                  : ==>  Preparing: SELECT COUNT(1) FROM notification WHERE receiver=? and status=? 
2019-08-19 00:07:11.440 DEBUG 2016 --- [http-nio-8080-exec-8] c.s.c.m.N.countByUnread                  : ==> Parameters: 51(Long), 0(Integer)
2019-08-19 00:07:11.443 DEBUG 2016 --- [http-nio-8080-exec-8] c.s.c.m.N.countByUnread                  : <==      Total: 1
2019-08-19 00:07:11.669 DEBUG 2016 --- [http-nio-8080-exec-7] c.s.c.mapper.UserMapper.findByToken      : ==>  Preparing: SELECT ID,ACCOUNT_ID,NAME,TOKEN,GMT_CREATE,GMT_MODIFIED FROM USER WHERE TOKEN=? 
2019-08-19 00:07:11.670 DEBUG 2016 --- [http-nio-8080-exec-7] c.s.c.mapper.UserMapper.findByToken      : ==> Parameters: a88a93d9-81d3-4093-ad1f-bdff77c31177(String)
2019-08-19 00:07:11.672 DEBUG 2016 --- [http-nio-8080-exec-7] c.s.c.mapper.UserMapper.findByToken      : <==      Total: 1
2019-08-19 00:07:11.672 DEBUG 2016 --- [http-nio-8080-exec-7] c.s.c.m.N.countByUnread                  : ==>  Preparing: SELECT COUNT(1) FROM notification WHERE receiver=? and status=? 
2019-08-19 00:07:11.673 DEBUG 2016 --- [http-nio-8080-exec-7] c.s.c.m.N.countByUnread                  : ==> Parameters: 51(Long), 0(Integer)
2019-08-19 00:07:11.675 DEBUG 2016 --- [http-nio-8080-exec-7] c.s.c.m.N.countByUnread                  : <==      Total: 1
2019-08-19 00:09:20.144  INFO 2016 --- [Thread-18] o.s.s.concurrent.ThreadPoolTaskExecutor  : Shutting down ExecutorService 'applicationTaskExecutor'
2019-08-19 00:09:20.146  INFO 2016 --- [Thread-18] com.zaxxer.hikari.HikariDataSource       : HikariPool-1 - Shutdown initiated...
2019-08-19 00:09:20.161  INFO 2016 --- [Thread-18] com.zaxxer.hikari.HikariDataSource       : HikariPool-1 - Shutdown completed.
